Determining if the pthread_create exist failed with the following output:
Change Dir: /home/liujian/WorkSpace/EBM_Hand/grasp_generation/graspitmodified-build/graspit/CMakeFiles/CMakeTmp

Run Build Command:"/usr/bin/make" "cmTC_f32d3/fast"
/usr/bin/make -f CMakeFiles/cmTC_f32d3.dir/build.make CMakeFiles/cmTC_f32d3.dir/build
make[1]: Entering directory '/home/liujian/WorkSpace/EBM_Hand/grasp_generation/graspitmodified-build/graspit/CMakeFiles/CMakeTmp'
Building C object CMakeFiles/cmTC_f32d3.dir/CheckSymbolExists.c.o
/usr/bin/cc     -o CMakeFiles/cmTC_f32d3.dir/CheckSymbolExists.c.o   -c /home/liujian/WorkSpace/EBM_Hand/grasp_generation/graspitmodified-build/graspit/CMakeFiles/CMakeTmp/CheckSymbolExists.c
Linking C executable cmTC_f32d3
/usr/bin/cmake -E cmake_link_script CMakeFiles/cmTC_f32d3.dir/link.txt --verbose=1
/usr/bin/cc       CMakeFiles/cmTC_f32d3.dir/CheckSymbolExists.c.o  -o cmTC_f32d3 -rdynamic 
CMakeFiles/cmTC_f32d3.dir/CheckSymbolExists.c.o: In function `main':
CheckSymbolExists.c:(.text+0x16): undefined reference to `pthread_create'
collect2: error: ld returned 1 exit status
CMakeFiles/cmTC_f32d3.dir/build.make:97: recipe for target 'cmTC_f32d3' failed
make[1]: *** [cmTC_f32d3] Error 1
make[1]: Leaving directory '/home/liujian/WorkSpace/EBM_Hand/grasp_generation/graspitmodified-build/graspit/CMakeFiles/CMakeTmp'
Makefile:126: recipe for target 'cmTC_f32d3/fast' failed
make: *** [cmTC_f32d3/fast] Error 2

File /home/liujian/WorkSpace/EBM_Hand/grasp_generation/graspitmodified-build/graspit/CMakeFiles/CMakeTmp/CheckSymbolExists.c:
/* */
#include <pthread.h>

int main(int argc, char** argv)
{
  (void)argv;
#ifndef pthread_create
  return ((int*)(&pthread_create))[argc];
#else
  (void)argc;
  return 0;
#endif
}

Determining if the function pthread_create exists in the pthreads failed with the following output:
Change Dir: /home/liujian/WorkSpace/EBM_Hand/grasp_generation/graspitmodified-build/graspit/CMakeFiles/CMakeTmp

Run Build Command:"/usr/bin/make" "cmTC_780ce/fast"
/usr/bin/make -f CMakeFiles/cmTC_780ce.dir/build.make CMakeFiles/cmTC_780ce.dir/build
make[1]: Entering directory '/home/liujian/WorkSpace/EBM_Hand/grasp_generation/graspitmodified-build/graspit/CMakeFiles/CMakeTmp'
Building C object CMakeFiles/cmTC_780ce.dir/CheckFunctionExists.c.o
/usr/bin/cc    -DCHECK_FUNCTION_EXISTS=pthread_create   -o CMakeFiles/cmTC_780ce.dir/CheckFunctionExists.c.o   -c /usr/share/cmake-3.5/Modules/CheckFunctionExists.c
Linking C executable cmTC_780ce
/usr/bin/cmake -E cmake_link_script CMakeFiles/cmTC_780ce.dir/link.txt --verbose=1
/usr/bin/cc   -DCHECK_FUNCTION_EXISTS=pthread_create    CMakeFiles/cmTC_780ce.dir/CheckFunctionExists.c.o  -o cmTC_780ce -rdynamic -lpthreads 
/usr/bin/ld: cannot find -lpthreads
collect2: error: ld returned 1 exit status
CMakeFiles/cmTC_780ce.dir/build.make:97: recipe for target 'cmTC_780ce' failed
make[1]: *** [cmTC_780ce] Error 1
make[1]: Leaving directory '/home/liujian/WorkSpace/EBM_Hand/grasp_generation/graspitmodified-build/graspit/CMakeFiles/CMakeTmp'
Makefile:126: recipe for target 'cmTC_780ce/fast' failed
make: *** [cmTC_780ce/fast] Error 2


Determining if the Q_WS_WIN exist failed with the following output:
Change Dir: /home/liujian/WorkSpace/EBM_Hand/grasp_generation/graspitmodified-build/graspit/CMakeFiles/CMakeTmp

Run Build Command:"/usr/bin/make" "cmTC_5a881/fast"
/usr/bin/make -f CMakeFiles/cmTC_5a881.dir/build.make CMakeFiles/cmTC_5a881.dir/build
make[1]: Entering directory '/home/liujian/WorkSpace/EBM_Hand/grasp_generation/graspitmodified-build/graspit/CMakeFiles/CMakeTmp'
Building CXX object CMakeFiles/cmTC_5a881.dir/CheckSymbolExists.cxx.o
/usr/bin/c++    -I/usr/include/qt4   -o CMakeFiles/cmTC_5a881.dir/CheckSymbolExists.cxx.o -c /home/liujian/WorkSpace/EBM_Hand/grasp_generation/graspitmodified-build/graspit/CMakeFiles/CMakeTmp/CheckSymbolExists.cxx
/home/liujian/WorkSpace/EBM_Hand/grasp_generation/graspitmodified-build/graspit/CMakeFiles/CMakeTmp/CheckSymbolExists.cxx: In function ‘int main(int, char**)’:
/home/liujian/WorkSpace/EBM_Hand/grasp_generation/graspitmodified-build/graspit/CMakeFiles/CMakeTmp/CheckSymbolExists.cxx:8:19: error: ‘Q_WS_WIN’ was not declared in this scope
   return ((int*)(&Q_WS_WIN))[argc];
                   ^
CMakeFiles/cmTC_5a881.dir/build.make:65: recipe for target 'CMakeFiles/cmTC_5a881.dir/CheckSymbolExists.cxx.o' failed
make[1]: *** [CMakeFiles/cmTC_5a881.dir/CheckSymbolExists.cxx.o] Error 1
make[1]: Leaving directory '/home/liujian/WorkSpace/EBM_Hand/grasp_generation/graspitmodified-build/graspit/CMakeFiles/CMakeTmp'
Makefile:126: recipe for target 'cmTC_5a881/fast' failed
make: *** [cmTC_5a881/fast] Error 2

File /home/liujian/WorkSpace/EBM_Hand/grasp_generation/graspitmodified-build/graspit/CMakeFiles/CMakeTmp/CheckSymbolExists.cxx:
/* */
#include <QtCore/qglobal.h>

int main(int argc, char** argv)
{
  (void)argv;
#ifndef Q_WS_WIN
  return ((int*)(&Q_WS_WIN))[argc];
#else
  (void)argc;
  return 0;
#endif
}

Determining if the Q_WS_QWS exist failed with the following output:
Change Dir: /home/liujian/WorkSpace/EBM_Hand/grasp_generation/graspitmodified-build/graspit/CMakeFiles/CMakeTmp

Run Build Command:"/usr/bin/make" "cmTC_c9594/fast"
/usr/bin/make -f CMakeFiles/cmTC_c9594.dir/build.make CMakeFiles/cmTC_c9594.dir/build
make[1]: Entering directory '/home/liujian/WorkSpace/EBM_Hand/grasp_generation/graspitmodified-build/graspit/CMakeFiles/CMakeTmp'
Building CXX object CMakeFiles/cmTC_c9594.dir/CheckSymbolExists.cxx.o
/usr/bin/c++    -I/usr/include/qt4   -o CMakeFiles/cmTC_c9594.dir/CheckSymbolExists.cxx.o -c /home/liujian/WorkSpace/EBM_Hand/grasp_generation/graspitmodified-build/graspit/CMakeFiles/CMakeTmp/CheckSymbolExists.cxx
/home/liujian/WorkSpace/EBM_Hand/grasp_generation/graspitmodified-build/graspit/CMakeFiles/CMakeTmp/CheckSymbolExists.cxx: In function ‘int main(int, char**)’:
/home/liujian/WorkSpace/EBM_Hand/grasp_generation/graspitmodified-build/graspit/CMakeFiles/CMakeTmp/CheckSymbolExists.cxx:8:19: error: ‘Q_WS_QWS’ was not declared in this scope
   return ((int*)(&Q_WS_QWS))[argc];
                   ^
CMakeFiles/cmTC_c9594.dir/build.make:65: recipe for target 'CMakeFiles/cmTC_c9594.dir/CheckSymbolExists.cxx.o' failed
make[1]: *** [CMakeFiles/cmTC_c9594.dir/CheckSymbolExists.cxx.o] Error 1
make[1]: Leaving directory '/home/liujian/WorkSpace/EBM_Hand/grasp_generation/graspitmodified-build/graspit/CMakeFiles/CMakeTmp'
Makefile:126: recipe for target 'cmTC_c9594/fast' failed
make: *** [cmTC_c9594/fast] Error 2

File /home/liujian/WorkSpace/EBM_Hand/grasp_generation/graspitmodified-build/graspit/CMakeFiles/CMakeTmp/CheckSymbolExists.cxx:
/* */
#include <QtCore/qglobal.h>

int main(int argc, char** argv)
{
  (void)argv;
#ifndef Q_WS_QWS
  return ((int*)(&Q_WS_QWS))[argc];
#else
  (void)argc;
  return 0;
#endif
}

Determining if the Q_WS_MAC exist failed with the following output:
Change Dir: /home/liujian/WorkSpace/EBM_Hand/grasp_generation/graspitmodified-build/graspit/CMakeFiles/CMakeTmp

Run Build Command:"/usr/bin/make" "cmTC_ce46e/fast"
/usr/bin/make -f CMakeFiles/cmTC_ce46e.dir/build.make CMakeFiles/cmTC_ce46e.dir/build
make[1]: Entering directory '/home/liujian/WorkSpace/EBM_Hand/grasp_generation/graspitmodified-build/graspit/CMakeFiles/CMakeTmp'
Building CXX object CMakeFiles/cmTC_ce46e.dir/CheckSymbolExists.cxx.o
/usr/bin/c++    -I/usr/include/qt4   -o CMakeFiles/cmTC_ce46e.dir/CheckSymbolExists.cxx.o -c /home/liujian/WorkSpace/EBM_Hand/grasp_generation/graspitmodified-build/graspit/CMakeFiles/CMakeTmp/CheckSymbolExists.cxx
/home/liujian/WorkSpace/EBM_Hand/grasp_generation/graspitmodified-build/graspit/CMakeFiles/CMakeTmp/CheckSymbolExists.cxx: In function ‘int main(int, char**)’:
/home/liujian/WorkSpace/EBM_Hand/grasp_generation/graspitmodified-build/graspit/CMakeFiles/CMakeTmp/CheckSymbolExists.cxx:8:19: error: ‘Q_WS_MAC’ was not declared in this scope
   return ((int*)(&Q_WS_MAC))[argc];
                   ^
CMakeFiles/cmTC_ce46e.dir/build.make:65: recipe for target 'CMakeFiles/cmTC_ce46e.dir/CheckSymbolExists.cxx.o' failed
make[1]: *** [CMakeFiles/cmTC_ce46e.dir/CheckSymbolExists.cxx.o] Error 1
make[1]: Leaving directory '/home/liujian/WorkSpace/EBM_Hand/grasp_generation/graspitmodified-build/graspit/CMakeFiles/CMakeTmp'
Makefile:126: recipe for target 'cmTC_ce46e/fast' failed
make: *** [cmTC_ce46e/fast] Error 2

File /home/liujian/WorkSpace/EBM_Hand/grasp_generation/graspitmodified-build/graspit/CMakeFiles/CMakeTmp/CheckSymbolExists.cxx:
/* */
#include <QtCore/qglobal.h>

int main(int argc, char** argv)
{
  (void)argv;
#ifndef Q_WS_MAC
  return ((int*)(&Q_WS_MAC))[argc];
#else
  (void)argc;
  return 0;
#endif
}

Determining if the function sgemm_ exists failed with the following output:
Change Dir: /home/liujian/WorkSpace/EBM_Hand/grasp_generation/graspitmodified-build/graspit/CMakeFiles/CMakeTmp

Run Build Command(s):/usr/bin/make cmTC_bf31e/fast && /usr/bin/make  -f CMakeFiles/cmTC_bf31e.dir/build.make CMakeFiles/cmTC_bf31e.dir/build
make[1]: Entering directory '/home/liujian/WorkSpace/EBM_Hand/grasp_generation/graspitmodified-build/graspit/CMakeFiles/CMakeTmp'
Building C object CMakeFiles/cmTC_bf31e.dir/CheckFunctionExists.c.o
/usr/bin/cc   -DCHECK_FUNCTION_EXISTS=sgemm_ -o CMakeFiles/cmTC_bf31e.dir/CheckFunctionExists.c.o -c /usr/local/share/cmake-3.19/Modules/CheckFunctionExists.c
Linking C executable cmTC_bf31e
/usr/local/bin/cmake -E cmake_link_script CMakeFiles/cmTC_bf31e.dir/link.txt --verbose=1
/usr/bin/cc  -DCHECK_FUNCTION_EXISTS=sgemm_ CMakeFiles/cmTC_bf31e.dir/CheckFunctionExists.c.o -o cmTC_bf31e 
CMakeFiles/cmTC_bf31e.dir/CheckFunctionExists.c.o: In function `main':
CheckFunctionExists.c:(.text+0x10): undefined reference to `sgemm_'
collect2: error: ld returned 1 exit status
CMakeFiles/cmTC_bf31e.dir/build.make:105: recipe for target 'cmTC_bf31e' failed
make[1]: *** [cmTC_bf31e] Error 1
make[1]: Leaving directory '/home/liujian/WorkSpace/EBM_Hand/grasp_generation/graspitmodified-build/graspit/CMakeFiles/CMakeTmp'
Makefile:140: recipe for target 'cmTC_bf31e/fast' failed
make: *** [cmTC_bf31e/fast] Error 2



Performing C SOURCE FILE Test CMAKE_HAVE_LIBC_PTHREAD failed with the following output:
Change Dir: /home/liujian/WorkSpace/EBM_Hand/grasp_generation/graspitmodified-build/graspit/CMakeFiles/CMakeTmp

Run Build Command(s):/usr/bin/make cmTC_d8b87/fast && /usr/bin/make  -f CMakeFiles/cmTC_d8b87.dir/build.make CMakeFiles/cmTC_d8b87.dir/build
make[1]: Entering directory '/home/liujian/WorkSpace/EBM_Hand/grasp_generation/graspitmodified-build/graspit/CMakeFiles/CMakeTmp'
Building C object CMakeFiles/cmTC_d8b87.dir/src.c.o
/usr/bin/cc -DCMAKE_HAVE_LIBC_PTHREAD   -o CMakeFiles/cmTC_d8b87.dir/src.c.o -c /home/liujian/WorkSpace/EBM_Hand/grasp_generation/graspitmodified-build/graspit/CMakeFiles/CMakeTmp/src.c
Linking C executable cmTC_d8b87
/usr/local/bin/cmake -E cmake_link_script CMakeFiles/cmTC_d8b87.dir/link.txt --verbose=1
/usr/bin/cc CMakeFiles/cmTC_d8b87.dir/src.c.o -o cmTC_d8b87 
CMakeFiles/cmTC_d8b87.dir/src.c.o: In function `main':
src.c:(.text+0x3c): undefined reference to `pthread_create'
src.c:(.text+0x48): undefined reference to `pthread_detach'
src.c:(.text+0x54): undefined reference to `pthread_cancel'
src.c:(.text+0x65): undefined reference to `pthread_join'
src.c:(.text+0x79): undefined reference to `pthread_atfork'
collect2: error: ld returned 1 exit status
CMakeFiles/cmTC_d8b87.dir/build.make:105: recipe for target 'cmTC_d8b87' failed
make[1]: *** [cmTC_d8b87] Error 1
make[1]: Leaving directory '/home/liujian/WorkSpace/EBM_Hand/grasp_generation/graspitmodified-build/graspit/CMakeFiles/CMakeTmp'
Makefile:140: recipe for target 'cmTC_d8b87/fast' failed
make: *** [cmTC_d8b87/fast] Error 2


Source file was:
#include <pthread.h>

static void* test_func(void* data)
{
  return data;
}

int main(void)
{
  pthread_t thread;
  pthread_create(&thread, NULL, test_func, NULL);
  pthread_detach(thread);
  pthread_cancel(thread);
  pthread_join(thread, NULL);
  pthread_atfork(NULL, NULL, NULL);
  pthread_exit(NULL);

  return 0;
}

Determining if the function cheev_ exists failed with the following output:
Change Dir: /home/liujian/WorkSpace/EBM_Hand/grasp_generation/graspitmodified-build/graspit/CMakeFiles/CMakeTmp

Run Build Command(s):/usr/bin/make cmTC_3235d/fast && /usr/bin/make  -f CMakeFiles/cmTC_3235d.dir/build.make CMakeFiles/cmTC_3235d.dir/build
make[1]: Entering directory '/home/liujian/WorkSpace/EBM_Hand/grasp_generation/graspitmodified-build/graspit/CMakeFiles/CMakeTmp'
Building C object CMakeFiles/cmTC_3235d.dir/CheckFunctionExists.c.o
/usr/bin/cc   -DCHECK_FUNCTION_EXISTS=cheev_ -o CMakeFiles/cmTC_3235d.dir/CheckFunctionExists.c.o -c /usr/local/share/cmake-3.19/Modules/CheckFunctionExists.c
Linking C executable cmTC_3235d
/usr/local/bin/cmake -E cmake_link_script CMakeFiles/cmTC_3235d.dir/link.txt --verbose=1
/usr/bin/cc  -DCHECK_FUNCTION_EXISTS=cheev_ CMakeFiles/cmTC_3235d.dir/CheckFunctionExists.c.o -o cmTC_3235d  /usr/lib/libblas.so /usr/lib/libf77blas.so /usr/lib/libatlas.so -lpthread -lm -ldl 
CMakeFiles/cmTC_3235d.dir/CheckFunctionExists.c.o: In function `main':
CheckFunctionExists.c:(.text+0x10): undefined reference to `cheev_'
collect2: error: ld returned 1 exit status
CMakeFiles/cmTC_3235d.dir/build.make:108: recipe for target 'cmTC_3235d' failed
make[1]: *** [cmTC_3235d] Error 1
make[1]: Leaving directory '/home/liujian/WorkSpace/EBM_Hand/grasp_generation/graspitmodified-build/graspit/CMakeFiles/CMakeTmp'
Makefile:140: recipe for target 'cmTC_3235d/fast' failed
make: *** [cmTC_3235d/fast] Error 2



